Arguments: 
  /usr/local/bin/node /usr/local/bin/yarn start

PATH: 
  /home/webonise/.rvm/gems/ruby-2.3.3@nfhs/bin:/home/webonise/.rvm/gems/ruby-2.3.3@global/bin:/home/webonise/.rvm/rubies/ruby-2.3.3/bin:/usr/local/sbin:/usr/local/bin:/usr/sbin:/usr/bin:/sbin:/bin:/usr/games:/usr/local/games:/usr/lib/jvm/java-8-oracle/bin:/usr/lib/jvm/java-8-oracle/db/bin:/usr/lib/jvm/java-8-oracle/jre/bin:/home/webonise/.rvm/bin:/home/webonise/.rvm/bin

Yarn version: 
  1.5.1

Node version: 
  9.10.1

Platform: 
  linux x64

npm manifest: 
  {
    "name": "react-redux-webpack-boilerplate",
    "version": "1.0.0",
    "engines": {
      "node": "^v8.11.1"
    },
    "description": "React Redux Webpack Boilerplate to quick start",
    "main": "index.js",
    "scripts": {
      "start": "webpack-dev-server --config ./configs/webpack/webpack.config.development.js",
      "build": "npm run clean && webpack --config ./configs/webpack/webpack.config.js",
      "clean": "rm -rf dist",
      "test": "jest",
      "test-coverage": "jest --coverage"
    },
    "repository": {
      "type": "git",
      "url": "git+https://github.com/vjnathe-webonise/React-Redux-Webpack-Boilerplate.git"
    },
    "keywords": [
      "React",
      "Redux",
      "Webpack",
      "Boilerplate"
    ],
    "author": "Vijayraj Nathe",
    "license": "ISC",
    "bugs": {
      "url": "https://github.com/vjnathe-webonise/React-Redux-Webpack-Boilerplate/issues"
    },
    "homepage": "https://github.com/vjnathe-webonise/React-Redux-Webpack-Boilerplate#readme",
    "dependencies": {
      "babel-cli": "^6.26.0",
      "babel-core": "^6.26.0",
      "babel-loader": "^7.1.4",
      "babel-preset-env": "^1.6.1",
      "babel-preset-react": "^6.24.1",
      "copy-webpack-plugin": "^4.5.1",
      "css-loader": "^0.28.11",
      "eslint-plugin-react": "^7.7.0",
      "html-webpack-plugin": "^3.2.0",
      "install": "^0.11.0",
      "jest": "^22.4.3",
      "mini-css-extract-plugin": "^0.4.0",
      "node-sass": "^4.8.3",
      "npm": "^5.8.0",
      "optimize-css-assets-webpack-plugin": "^4.0.0",
      "puppeteer": "^1.3.0",
      "redux-logger": "^3.0.6",
      "sass-loader": "^7.0.1",
      "style-loader": "^0.21.0",
      "uglifyjs-webpack-plugin": "^1.2.5",
      "webpack": "^4.6.0",
      "webpack-cli": "^2.0.14"
    },
    "devDependencies": {
      "babel-eslint": "^8.2.3",
      "eslint": "^4.19.1",
      "eslint-loader": "^2.0.0",
      "webpack-dev-server": "^3.1.3"
    }
  }

yarn manifest: 
  No manifest

Lockfile: 
  No lockfile

Trace: 
  Error: Command failed.
  Exit code: 127
  Command: sh
  Arguments: -c webpack-dev-server --config ./configs/webpack/webpack.config.development.js
  Directory: /home/webonise/workspace/react/redux-assignment
  Output:
  
      at ProcessTermError.MessageError (/usr/local/lib/node_modules/yarn/lib/cli.js:186:110)
      at new ProcessTermError (/usr/local/lib/node_modules/yarn/lib/cli.js:226:113)
      at ChildProcess.<anonymous> (/usr/local/lib/node_modules/yarn/lib/cli.js:30281:17)
      at ChildProcess.emit (events.js:180:13)
      at maybeClose (internal/child_process.js:936:16)
      at Process.ChildProcess._handle.onexit (internal/child_process.js:220:5)
